c:\users\krisantis\documents\visual studio 2015\projects\heff24\heff24\debug\vc140.pdb
c:\users\krisantis\documents\visual studio 2015\projects\heff24\heff24\debug\.netframework,version=v4.5.2.assemblyattributes.obj
c:\users\krisantis\documents\visual studio 2015\projects\heff24\heff24\debug\.netframework,version=v4.5.2.assemblyattributes.asm
c:\users\krisantis\documents\visual studio 2015\projects\heff24\heff24\debug\myform.obj
c:\users\krisantis\documents\visual studio 2015\projects\heff24\heff24\debug\heff24.myform.resources
c:\users\krisantis\documents\visual studio 2015\projects\heff24\debug\heff24.exe
c:\users\krisantis\documents\visual studio 2015\projects\heff24\debug\heff24.pdb
c:\users\krisantis\documents\visual studio 2015\projects\heff24\heff24\debug\heff24.vcxproj.generateresource.cache
c:\users\krisantis\documents\visual studio 2015\projects\heff24\heff24\debug\heff24.vcxprojresolveassemblyreference.cache
c:\users\krisantis\documents\visual studio 2015\projects\heff24\heff24\debug\heff24.tlog\cl.command.1.tlog
c:\users\krisantis\documents\visual studio 2015\projects\heff24\heff24\debug\heff24.tlog\cl.read.1.tlog
c:\users\krisantis\documents\visual studio 2015\projects\heff24\heff24\debug\heff24.tlog\cl.write.1.tlog
c:\users\krisantis\documents\visual studio 2015\projects\heff24\heff24\debug\heff24.tlog\heff24.write.1u.tlog
c:\users\krisantis\documents\visual studio 2015\projects\heff24\heff24\debug\heff24.tlog\link.command.1.tlog
c:\users\krisantis\documents\visual studio 2015\projects\heff24\heff24\debug\heff24.tlog\link.read.1.tlog
c:\users\krisantis\documents\visual studio 2015\projects\heff24\heff24\debug\heff24.tlog\link.write.1.tlog
c:\users\krisantis\documents\visual studio 2015\projects\heff24\heff24\debug\heff24.tlog\metagen.read.1.tlog
c:\users\krisantis\documents\visual studio 2015\projects\heff24\heff24\debug\heff24.tlog\metagen.write.1.tlog
c:\users\krisantis\documents\visual studio 2015\projects\heff24\heff24\debug\heff24.tlog\rsaenh.dll.bi
c:\users\krisantis\documents\visual studio 2015\projects\heff24\heff24\debug\heff24.tlog\tzres.dll.bi
